    Entering Main
    Entering Main
    Entering Main
    Exiting Main
    Entering Main
    Exiting Main
    Entering Main
    Exiting Main
Exiting Main
Exiting Main
Entering Main
    Exiting Main
Entering Main
Exiting Main
    Entering Main
    Entering Main
    Entering Main
    Exiting Main
    Entering Main
    Exiting Main
    Entering Main
    Entering Main
    Exiting Main
Exiting Main
Exiting Main
    Entering Main
    Exiting Main
    Entering Main
    Entering Main
    Entering Main
    Exiting Main
    Entering Main
    Exiting Main
Exiting Main
    Entering Main
    Entering Main
Exiting Main
Exiting Main
Exiting Main
Exiting Main
    Entering Main
    Exiting Main
    Entering Main
    Exiting Main
    Entering Main
    Exiting Main
    Entering Main
    Entering Main
    Entering Main
    Exiting Main
Entering Main
Entering Main
Exiting Main
    Entering Main
    Exiting Main
    Entering Main
    Exiting Main
Exiting Main
Exiting Main
Exiting Main
Entering Main
Exiting Main
    Entering Main
    Entering Main
    Entering Main
    Entering Main
    Exiting Main
Exiting Main
    Entering Main
    Entering Main
    Exiting Main
    Exiting Main
    Entering Main
    Exiting Main
    Entering Main
    Exiting Main
    Entering Main
    Exiting Main
Exiting Main
Exiting Main
    Entering Main
    Entering Main
    Entering Main
    Entering Main
    Entering Main
    Exiting Main
Exiting Main
Exiting Main
Exiting Main
Exiting Main
    Entering Main
    Entering Main
    Entering Main
    Entering Main
    Exiting Main
    Entering Main
Exiting Main
Entering Main
Exiting Main
    Entering Main
    Exiting Main
    Exiting Main
    Entering Main
Exiting Main
    Entering Main
    Exiting Main
    Exiting Main
    Entering Main
    Exiting Main
    Entering Main
    Exiting Main
    Entering Main
Entering Main
Exiting Main
    Entering Main
    Exiting Main
    Exiting Main
    Entering Main
    Entering Main
    Exiting Main
    Entering Main
    Entering Main
    Entering Main
    Exiting Main
    Exiting Main
    Exiting Main
    Entering Main
    Exiting Main
    Entering Main
Exiting Main
Entering Main
Exiting Main
Exiting Main
Exiting Main
Entering Main
    Entering Main
    Entering Main
    Hello World.2
    Exiting Main
Hello World.2
Exiting Main
    Entering Main
    Entering Main
    Hello World.8
    Exiting Main
    Entering Main
    Entering Main
    Entering Main
    Entering Main
    Hello World.6
    Entering Main
    Hello World.10
    Exiting Main
    Entering Main
    Hello World.10
    Hello World.10
    Hello World.10
    Hello World.10
    Hello World.10
    Exiting Main
    Exiting Main
Exiting Main
Exiting Main
    Entering Main
    Exiting Main
Exiting Main
    Entering Main
    Entering Main
    Hello World.17
    Exiting Main
    Hello World.14
    Exiting Main
Entering Main
Hello World.17
    Entering Main
    Hello World.18
    Hello World.17
    Exiting Main
Exiting Main
    Entering Main
    Entering Main
    Hello World.19
    Entering Main
    Exiting Main
    Entering Main
    Hello World.19
    Exiting Main
Hello World.21
Exiting Main
Entering Main
    Entering Main
    Hello World.23
    Exiting Main
Entering Main
Hello World.21
Exiting Main
    Entering Main
    Hello World.24
    Hello World.22
    Exiting Main
    Entering Main
    Hello World.24
    Exiting Main
Hello World.23
Exiting Main
    Entering Main
    Hello World.25
    Exiting Main
Exiting Main
Exiting Main
    Entering Main
    Entering Main
    Hello World.32
    Exiting Main
    Entering Main
    Hello World.32
    Hello World.30
    Entering Main
    Entering Main
    Hello World.1
    Exiting Main
    Entering Main
    Hello World.2
    Exiting Main
    Entering Main
    Hello World.3
    Exiting Main
    Entering Main
    Hello World.4
    Exiting Main
    Entering Main
    Hello World.5
    Exiting Main
    Entering Main
    Hello World.6
    Exiting Main
    Entering Main
    Hello World.7
    Exiting Main
    Entering Main
    Hello World.8
    Exiting Main
    Entering Main
    Hello World.9
    Exiting Main
    Entering Main
    Hello World.10
    Exiting Main
    Entering Main
    Hello World.11
    Exiting Main
    Entering Main
    Hello World.12
    Exiting Main
    Entering Main
    Hello World.13
    Exiting Main
    Entering Main
    Hello World.14
    Exiting Main
    Entering Main
    Hello World.15
    Exiting Main
    Entering Main
    Hello World.16
    Exiting Main
    Entering Main
    Hello World.17
    Exiting Main
    Entering Main
    Hello World.18
    Exiting Main
    Entering Main
    Hello World.19
    Exiting Main
    Entering Main
    Hello World.20
    Exiting Main
    Entering Main
    Hello World.21
    Exiting Main
    Entering Main
    Hello World.22
    Exiting Main
    Entering Main
    Hello World.23
    Exiting Main
    Entering Main
    Hello World.24
    Exiting Main
    Entering Main
    Hello World.25
    Exiting Main
    Entering Main
    Hello World.26
    Exiting Main
    Entering Main
    Hello World.27
    Exiting Main
    Entering Main
    Hello World.28
    Exiting Main
    Entering Main
    Hello World.29
    Exiting Main
    Entering Main
    Hello World.30
    Exiting Main
    Entering Main
    Hello World.31
    Exiting Main
    Entering Main
    Hello World.32
    Exiting Main
    Entering Main
    Hello World.33
    Exiting Main
    Entering Main
    Hello World.34
    Exiting Main
    Entering Main
    Hello World.35
    Exiting Main
    Entering Main
    Hello World.36
    Exiting Main
    Entering Main
    Hello World.37
    Exiting Main
    Entering Main
    Hello World.38
    Exiting Main
    Entering Main
    Hello World.39
    Exiting Main
    Entering Main
    Hello World.40
    Exiting Main
    Entering Main
    Hello World.41
    Exiting Main
    Entering Main
    Hello World.42
    Exiting Main
    Entering Main
    Hello World.43
    Exiting Main
    Entering Main
    Hello World.44
    Exiting Main
    Entering Main
    Hello World.45
    Exiting Main
    Entering Main
    Hello World.46
    Exiting Main
    Entering Main
    Hello World.47
    Exiting Main
    Entering Main
    Hello World.48
    Exiting Main
    Entering Main
    Hello World.49
    Exiting Main
    Entering Main
    Hello World.50
    Exiting Main
    Entering Main
    Hello World.51
    Exiting Main
    Entering Main
    Hello World.52
    Exiting Main
    Entering Main
    Hello World.53
    Exiting Main
    Entering Main
    Hello World.54
    Exiting Main
    Entering Main
    Hello World.55
    Exiting Main
    Entering Main
    Hello World.56
    Exiting Main
    Entering Main
    Hello World.57
    Hello World.57
