    Entering Main
    Completed: 1
    Exiting Main
    Entering Main
    Completed: 2
    Exiting Main
    Entering Main
    Completed: 3
    Exiting Main
    Entering Main
    Completed: 5
    Exiting Main
    Entering Main
    Completed: 5
    Exiting Main
    Entering Main
    Entering Main
    Completed: 8
    Exiting Main
    Entering Main
    Completed: 10
    Exiting Main
    Entering Main
    Completed: 11
    Exiting Main
    Entering Main
    Completed: 12
    Exiting Main
    Completed: 8
    Exiting Main
    Entering Main
    Completed: 14
    Exiting Main
    Entering Main
    Entering Main
    Completed: 15
    Exiting Main
Completed: 15
Exiting Main
    Entering Main
    Completed: 16
    Exiting Main
    Entering Main
    Completed: 17
    Exiting Main
    Entering Main
    Completed: 19
    Exiting Main
    Entering Main
    Completed: 19
    Exiting Main
    Entering Main
    Completed: 21
    Exiting Main
    Entering Main
    Completed: 21
    Exiting Main
    Entering Main
    Completed: 22
    Exiting Main
    Entering Main
    Completed: 23
    Exiting Main
    Entering Main
    Completed: 24
    Exiting Main
    Entering Main
    Completed: 24
    Exiting Main
    Entering Main
    Completed: 25
    Exiting Main
    Entering Main
    Completed: 26
    Exiting Main
    Entering Main
    Completed: 28
    Exiting Main
    Entering Main
    Completed: 29
    Exiting Main
    Entering Main
    Completed: 30
    Exiting Main
    Entering Main
    Completed: 31
    Exiting Main
    Entering Main
    Completed: 32
    Exiting Main
    Entering Main
    Completed: 33
    Exiting Main
    Entering Main
    Completed: 34
    Exiting Main
    Entering Main
    Completed: 35
    Exiting Main
    Entering Main
    Completed: 36
    Exiting Main
    Entering Main
    Completed: 37
    Exiting Main
    Entering Main
    Completed: 38
    Exiting Main
    Entering Main
    Completed: 39
    Exiting Main
    Entering Main
    Completed: 40
    Exiting Main
    Entering Main
    Completed: 41
    Exiting Main
    Entering Main
    Completed: 42
    Exiting Main
    Entering Main
    Completed: 43
    Exiting Main
    Entering Main
    Completed: 45
    Exiting Main
    Entering Main
    Completed: 45
    Exiting Main
    Entering Main
    Completed: 46
    Exiting Main
    Entering Main
    Completed: 48
    Exiting Main
    Entering Main
    Completed: 48
    Exiting Main
    Entering Main
    Completed: 50
    Exiting Main
    Entering Main
    Completed: 51
    Exiting Main
Entering Main
Completed: 51
Exiting Main
    Entering Main
    Completed: 54
    Exiting Main
    Entering Main
    Completed: 54
    Exiting Main
    Entering Main
    Completed: 54
    Exiting Main
    Entering Main
    Completed: 56
    Exiting Main
    Entering Main
    Completed: 57
    Exiting Main
    Entering Main
    Entering Main
    Completed: 58
    Exiting Main
Completed: 58
Exiting Main
    Entering Main
    Completed: 60
    Exiting Main
    Entering Main
    Completed: 61
    Exiting Main
    Entering Main
    Completed: 62
    Exiting Main
    Entering Main
    Completed: 63
    Exiting Main
    Entering Main
    Completed: 63
    Exiting Main
    Entering Main
    Completed: 65
    Exiting Main
    Entering Main
    Completed: 67
    Exiting Main
    Entering Main
    Completed: 67
    Exiting Main
    Entering Main
    Completed: 69
    Exiting Main
    Entering Main
    Completed: 69
    Exiting Main
    Entering Main
    Completed: 71
    Exiting Main
    Entering Main
    Completed: 72
    Exiting Main
    Entering Main
    Completed: 73
    Exiting Main
    Entering Main
    Completed: 74
    Exiting Main
    Entering Main
    Completed: 75
    Exiting Main
    Entering Main
    Completed: 76
    Exiting Main
    Entering Main
    Completed: 78
    Exiting Main
    Entering Main
    Completed: 78
    Exiting Main
    Entering Main
    Completed: 79
    Exiting Main
    Entering Main
    Completed: 81
    Entering Main
    Completed: 82
    Exiting Main
    Entering Main
    Completed: 82
    Exiting Main
    Entering Main
    Completed: 83
    Exiting Main
    Entering Main
    Completed: 85
    Exiting Main
    Entering Main
    Completed: 85
    Exiting Main
    Entering Main
    Completed: 86
    Exiting Main
    Entering Main
    Completed: 86
    Exiting Main
    Entering Main
    Completed: 87
    Exiting Main
    Entering Main
    Completed: 87
    Exiting Main
    Entering Main
    Completed: 88
    Exiting Main
    Entering Main
    Completed: 90
    Exiting Main
    Entering Main
    Completed: 90
    Exiting Main
    Entering Main
    Completed: 91
    Exiting Main
    Entering Main
    Completed: 92
    Exiting Main
    Entering Main
    Completed: 94
    Exiting Main
    Entering Main
    Completed: 95
    Exiting Main
    Entering Main
    Completed: 96
    Exiting Main
Exiting Main
    Entering Main
    Completed: 97
    Exiting Main
    Entering Main
    Completed: 98
    Exiting Main
    Entering Main
    Completed: 99
    Exiting Main
Entering Main
Completed: 101
Exiting Main
    Entering Main
    Completed: 102
    Exiting Main
    Entering Main
    Completed: 104
    Exiting Main
    Entering Main
    Completed: 105
    Exiting Main
    Entering Main
    Completed: 105
    Exiting Main
    Entering Main
    Completed: 105
    Exiting Main
    Entering Main
    Completed: 107
    Exiting Main
    Entering Main
    Completed: 108
    Exiting Main
    Entering Main
    Completed: 109
    Exiting Main
    Entering Main
    Completed: 110
    Exiting Main
    Entering Main
    Completed: 111
    Exiting Main
    Entering Main
    Completed: 112
    Exiting Main
    Entering Main
    Completed: 113
    Exiting Main
    Entering Main
    Completed: 114
    Exiting Main
    Entering Main
    Completed: 115
    Exiting Main
    Entering Main
    Completed: 115
    Exiting Main
    Entering Main
    Completed: 117
    Exiting Main
    Entering Main
    Completed: 119
    Exiting Main
    Entering Main
    Completed: 119
    Exiting Main
    Entering Main
    Completed: 120
    Exiting Main
    Entering Main
    Completed: 122
    Exiting Main
    Entering Main
    Completed: 122
    Exiting Main
    Entering Main
    Completed: 123
    Exiting Main
    Entering Main
    Completed: 125
    Exiting Main
    Entering Main
    Completed: 125
    Exiting Main
    Entering Main
    Completed: 127
    Exiting Main
    Entering Main
    Completed: 128
    Exiting Main
    Entering Main
    Completed: 128
    Exiting Main
    Entering Main
    Completed: 128
    Exiting Main
    Entering Main
    Completed: 130
    Exiting Main
    Entering Main
    Completed: 131
    Exiting Main
    Entering Main
    Completed: 132
    Exiting Main
    Entering Main
    Completed: 133
    Exiting Main
    Entering Main
    Completed: 134
    Exiting Main
    Entering Main
    Completed: 134
    Exiting Main
    Entering Main
    Completed: 135
    Exiting Main
    Entering Main
    Completed: 136
    Exiting Main
    Entering Main
    Completed: 137
    Exiting Main
    Entering Main
    Completed: 138
    Exiting Main
    Entering Main
    Completed: 139
    Exiting Main
    Entering Main
    Completed: 140
    Exiting Main
    Entering Main
    Completed: 141
    Exiting Main
    Entering Main
    Completed: 142
    Exiting Main
    Entering Main
    Entering Main
    Entering Main
    Entering Main
    Completed: 145
    Exiting Main
    Entering Main
    Completed: 145
    Exiting Main
    Entering Main
    Completed: 146
    Exiting Main
Completed: 144
Exiting Main
    Entering Main
    Completed: 149
    Exiting Main
    Entering Main
    Completed: 150
    Exiting Main
    Entering Main
    Completed: 152
    Exiting Main
    Entering Main
    Completed: 152
    Exiting Main
    Entering Main
    Completed: 152
    Exiting Main
Entering Main
Completed: 145
Exiting Main
    Entering Main
    Completed: 154
    Exiting Main
    Entering Main
    Completed: 155
    Exiting Main
Completed: 144
Exiting Main
    Entering Main
    Completed: 155
    Exiting Main
    Entering Main
    Completed: 156
    Exiting Main
Completed: 153
Exiting Main
    Entering Main
    Completed: 157
    Exiting Main
    Entering Main
    Completed: 161
    Exiting Main
    Entering Main
    Completed: 162
    Exiting Main
    Entering Main
    Completed: 163
    Exiting Main
    Entering Main
    Completed: 164
    Exiting Main
    Entering Main
    Completed: 165
    Exiting Main
    Entering Main
    Completed: 166
    Exiting Main
    Entering Main
    Completed: 167
    Exiting Main
    Entering Main
    Completed: 168
    Exiting Main
    Entering Main
    Completed: 169
    Exiting Main
    Entering Main
    Completed: 170
    Exiting Main
    Entering Main
    Completed: 171
    Exiting Main
    Entering Main
    Completed: 172
    Exiting Main
    Entering Main
    Completed: 173
    Exiting Main
    Entering Main
    Completed: 175
    Exiting Main
    Entering Main
    Completed: 175
    Exiting Main
    Entering Main
    Completed: 175
    Exiting Main
    Entering Main
    Completed: 176
    Exiting Main
    Entering Main
    Completed: 177
    Exiting Main
    Entering Main
    Completed: 178
    Exiting Main
    Entering Main
    Completed: 179
    Exiting Main
    Entering Main
    Completed: 181
    Exiting Main
    Entering Main
    Completed: 182
    Exiting Main
    Entering Main
    Completed: 183
    Exiting Main
    Entering Main
    Completed: 184
    Exiting Main
    Entering Main
    Completed: 185
    Exiting Main
    Entering Main
    Completed: 186
    Exiting Main
    Entering Main
    Completed: 187
    Exiting Main
    Entering Main
    Completed: 188
    Exiting Main
    Entering Main
    Completed: 189
    Exiting Main
    Entering Main
    Completed: 190
    Exiting Main
    Entering Main
    Completed: 191
    Exiting Main
    Entering Main
    Completed: 192
    Exiting Main
    Entering Main
    Completed: 193
    Exiting Main
    Entering Main
    Entering Main
    Completed: 195
    Exiting Main
    Entering Main
    Completed: 195
    Exiting Main
    Entering Main
    Completed: 197
    Exiting Main
    Entering Main
    Completed: 197
    Exiting Main
    Entering Main
    Completed: 198
    Exiting Main
    Entering Main
    Completed: 199
    Exiting Main
    Entering Main
    Completed: 200
    Exiting Main
    Entering Main
    Completed: 201
    Exiting Main
    Entering Main
    Completed: 202
    Exiting Main
    Entering Main
    Completed: 203
    Exiting Main
    Entering Main
    Completed: 204
    Exiting Main
    Entering Main
    Completed: 205
    Exiting Main
    Entering Main
    Completed: 206
    Exiting Main
Entering Main
Completed: 207
Exiting Main
    Entering Main
    Completed: 208
    Exiting Main
    Entering Main
    Completed: 209
    Exiting Main
    Entering Main
    Completed: 210
    Exiting Main
    Entering Main
    Completed: 213
    Exiting Main
    Entering Main
    Completed: 213
    Exiting Main
Entering Main
    Completed: 213
    Exiting Main
    Entering Main
    Completed: 213
    Exiting Main
Entering Main
Completed: 213
Exiting Main
    Entering Main
    Completed: 214
    Exiting Main
    Entering Main
    Completed: 215
    Exiting Main
    Entering Main
    Completed: 219
    Exiting Main
    Entering Main
    Completed: 219
    Exiting Main
    Entering Main
    Completed: 220
    Exiting Main
    Entering Main
    Completed: 221
    Exiting Main
    Entering Main
    Completed: 222
    Exiting Main
    Entering Main
    Completed: 223
    Exiting Main
    Entering Main
    Completed: 224
    Exiting Main
    Entering Main
    Completed: 225
    Exiting Main
    Entering Main
    Completed: 226
    Exiting Main
    Entering Main
    Completed: 227
    Exiting Main
    Entering Main
    Completed: 228
    Exiting Main
    Entering Main
    Completed: 229
    Exiting Main
    Entering Main
    Completed: 230
    Exiting Main
Completed: 195
Exiting Main
    Entering Main
    Completed: 232
    Exiting Main
    Entering Main
    Completed: 233
    Exiting Main
    Entering Main
    Completed: 234
    Exiting Main
    Entering Main
    Completed: 234
    Exiting Main
    Entering Main
    Completed: 235
    Exiting Main
    Entering Main
    Completed: 236
    Exiting Main
    Entering Main
    Completed: 238
    Exiting Main
    Entering Main
    Completed: 239
    Exiting Main
    Entering Main
    Completed: 239
    Exiting Main
    Entering Main
    Completed: 240
    Exiting Main
    Entering Main
    Completed: 242
    Exiting Main
    Entering Main
    Completed: 243
    Exiting Main
    Entering Main
    Completed: 244
    Exiting Main
    Entering Main
    Completed: 245
    Exiting Main
    Entering Main
    Completed: 246
    Exiting Main
    Entering Main
    Completed: 247
    Exiting Main
    Entering Main
    Completed: 248
    Exiting Main
    Entering Main
    Completed: 249
    Exiting Main
    Entering Main
    Completed: 250
    Exiting Main
    Entering Main
    Completed: 251
    Exiting Main
    Entering Main
    Completed: 251
    Exiting Main
    Entering Main
    Completed: 252
    Exiting Main
    Entering Main
    Completed: 253
    Exiting Main
    Entering Main
    Completed: 255
    Exiting Main
    Entering Main
    Completed: 255
    Exiting Main
Entering Main
Completed: 255
Exiting Main
    Entering Main
    Completed: 255
    Exiting Main
    Entering Main
    Completed: 255
    Exiting Main
Completed requests: 255
    ADD Main
    Completed: 0
    ADD Main
    Entering Main
    Completed: 1
    Exiting Main
